INFO main org.culturegraph.mf.framework.DefaultStreamReceiver - Field	Freq.
INFO main org.culturegraph.mf.framework.DefaultStreamReceiver - ----------------
INFO main org.culturegraph.mf.framework.DefaultStreamReceiver - ~rdf:subject	801
INFO main org.culturegraph.mf.framework.DefaultStreamReceiver - http://www.w3.org/1999/02/22-rdf-syntax-ns#type	422
INFO main org.culturegraph.mf.framework.DefaultStreamReceiver - http://vocab.deri.ie/void#inDataset	256
INFO main org.culturegraph.mf.framework.DefaultStreamReceiver - http://www.w3.org/2007/05/powder-s#describedby	256
INFO main org.culturegraph.mf.framework.DefaultStreamReceiver - http://xmlns.com/foaf/0.1/primaryTopic	256
INFO main org.culturegraph.mf.framework.DefaultStreamReceiver - http://purl.org/vocab/frbr/core#exemplarOf	221
INFO main org.culturegraph.mf.framework.DefaultStreamReceiver - http://purl.org/vocab/frbr/core#owner	221
INFO main org.culturegraph.mf.framework.DefaultStreamReceiver - http://purl.org/vocab/frbr/core#exemplar	221
INFO main org.culturegraph.mf.framework.DefaultStreamReceiver - http://purl.org/ontology/daia/label	148
INFO main org.culturegraph.mf.framework.DefaultStreamReceiver - 088  .e	138
INFO main org.culturegraph.mf.framework.DefaultStreamReceiver - 088  .b	134
INFO main org.culturegraph.mf.framework.DefaultStreamReceiver - 101-1.p	105
INFO main org.culturegraph.mf.framework.DefaultStreamReceiver - 101-1.d	104
INFO main org.culturegraph.mf.framework.DefaultStreamReceiver - LOW-1.a	102
INFO main org.culturegraph.mf.framework.DefaultStreamReceiver - 109-1.p	60
INFO main org.culturegraph.mf.framework.DefaultStreamReceiver - http://purl.org/dc/terms/contributor	60
INFO main org.culturegraph.mf.framework.DefaultStreamReceiver - 109-1.d	60
INFO main org.culturegraph.mf.framework.DefaultStreamReceiver - 952-1.g	47
INFO main org.culturegraph.mf.framework.DefaultStreamReceiver - http://www.w3.org/2002/07/owl#sameAs	46
INFO main org.culturegraph.mf.framework.DefaultStreamReceiver - 201-1.k	44
INFO main org.culturegraph.mf.framework.DefaultStreamReceiver - http://purl.org/dc/terms/subject	40
INFO main org.culturegraph.mf.framework.DefaultStreamReceiver - http://rdvocab.info/Elements/placeOfPublication	37
INFO main org.culturegraph.mf.framework.DefaultStreamReceiver - http://purl.org/dc/terms/language	35
INFO main org.culturegraph.mf.framework.DefaultStreamReceiver - http://purl.org/dc/elements/1.1/publisher	35
INFO main org.culturegraph.mf.framework.DefaultStreamReceiver - http://purl.org/dc/terms/isPartOf	34
INFO main org.culturegraph.mf.framework.DefaultStreamReceiver - 655e9.u	33
INFO main org.culturegraph.mf.framework.DefaultStreamReceiver - 655e9.2	33
INFO main org.culturegraph.mf.framework.DefaultStreamReceiver - SYS.	32
INFO main org.culturegraph.mf.framework.DefaultStreamReceiver - 030.	32
INFO main org.culturegraph.mf.framework.DefaultStreamReceiver - 070-1.a	32
INFO main org.culturegraph.mf.framework.DefaultStreamReceiver - http://rdvocab.info/Elements/publicationStatement	32
INFO main org.culturegraph.mf.framework.DefaultStreamReceiver - FMT.	32
INFO main org.culturegraph.mf.framework.DefaultStreamReceiver - http://purl.org/lobid/lv#hbzID	32
INFO main org.culturegraph.mf.framework.DefaultStreamReceiver - http://xmlns.com/foaf/0.1/isPrimaryTopicOf	32
INFO main org.culturegraph.mf.framework.DefaultStreamReceiver - LDR.	32
INFO main org.culturegraph.mf.framework.DefaultStreamReceiver - http://purl.org/dc/terms/title	30
INFO main org.culturegraph.mf.framework.DefaultStreamReceiver - http://purl.org/dc/terms/issued	30
INFO main org.culturegraph.mf.framework.DefaultStreamReceiver - 201-1.h	30
INFO main org.culturegraph.mf.framework.DefaultStreamReceiver - 002a1.a	29
INFO main org.culturegraph.mf.framework.DefaultStreamReceiver - 801-1.p	26
INFO main org.culturegraph.mf.framework.DefaultStreamReceiver - 801-1.d	26
INFO main org.culturegraph.mf.framework.DefaultStreamReceiver - http://iflastandards.info/ns/isbd/elements/P1053	25
INFO main org.culturegraph.mf.framework.DefaultStreamReceiver - 080-1.a	25
INFO main org.culturegraph.mf.framework.DefaultStreamReceiver - http://purl.org/dc/terms/creator	24
INFO main org.culturegraph.mf.framework.DefaultStreamReceiver - 952-1.h	23
INFO main org.culturegraph.mf.framework.DefaultStreamReceiver - 952-1.s	23
INFO main org.culturegraph.mf.framework.DefaultStreamReceiver - 036a1.a	23
INFO main org.culturegraph.mf.framework.DefaultStreamReceiver - http://rdvocab.info/Elements/otherTitleInformation	22
INFO main org.culturegraph.mf.framework.DefaultStreamReceiver - 801-1.c	22
INFO main org.culturegraph.mf.framework.DefaultStreamReceiver - 101-1.c	22
INFO main org.culturegraph.mf.framework.DefaultStreamReceiver - 201-2.k	22
INFO main org.culturegraph.mf.framework.DefaultStreamReceiver - http://rdvocab.info/Elements/statementOfResponsibility	21
INFO main org.culturegraph.mf.framework.DefaultStreamReceiver - 026-1.a	20
INFO main org.culturegraph.mf.framework.DefaultStreamReceiver - 109-1.c	20
INFO main org.culturegraph.mf.framework.DefaultStreamReceiver - 105-1.p	20
INFO main org.culturegraph.mf.framework.DefaultStreamReceiver - 003-1.a	20
INFO main org.culturegraph.mf.framework.DefaultStreamReceiver - 105-1.d	19
INFO main org.culturegraph.mf.framework.DefaultStreamReceiver - 070b1.a	18
INFO main org.culturegraph.mf.framework.DefaultStreamReceiver - 952-1.k	17
INFO main org.culturegraph.mf.framework.DefaultStreamReceiver - http://purl.org/dc/terms/hasPart	17
INFO main org.culturegraph.mf.framework.DefaultStreamReceiver - http://purl.org/ontology/bibo/volume	16
INFO main org.culturegraph.mf.framework.DefaultStreamReceiver - 070a1.a	13
INFO main org.culturegraph.mf.framework.DefaultStreamReceiver - 105-1.c	13
INFO main org.culturegraph.mf.framework.DefaultStreamReceiver - http://purl.org/dc/terms/bibliographicCitation	13
INFO main org.culturegraph.mf.framework.DefaultStreamReceiver - http://purl.org/ontology/bibo/isbn	12
INFO main org.culturegraph.mf.framework.DefaultStreamReceiver - 088  .d	12
INFO main org.culturegraph.mf.framework.DefaultStreamReceiver - http://purl.org/ontology/bibo/isbn13	12
INFO main org.culturegraph.mf.framework.DefaultStreamReceiver - 100-1.p	11
INFO main org.culturegraph.mf.framework.DefaultStreamReceiver - http://id.loc.gov/vocabulary/relators/act	11
INFO main org.culturegraph.mf.framework.DefaultStreamReceiver - 101-1.n	11
INFO main org.culturegraph.mf.framework.DefaultStreamReceiver - 100-1.d	10
INFO main org.culturegraph.mf.framework.DefaultStreamReceiver - 201-2.b	10
INFO main org.culturegraph.mf.framework.DefaultStreamReceiver - 952-1.b	9
INFO main org.culturegraph.mf.framework.DefaultStreamReceiver - 113-1.p	9
INFO main org.culturegraph.mf.framework.DefaultStreamReceiver - 113-1.d	9
INFO main org.culturegraph.mf.framework.DefaultStreamReceiver - 004-1.a	8
INFO main org.culturegraph.mf.framework.DefaultStreamReceiver - 370c2.a	8
INFO main org.culturegraph.mf.framework.DefaultStreamReceiver - LAL-1.b	8
INFO main org.culturegraph.mf.framework.DefaultStreamReceiver - 100b1.p	8
INFO main org.culturegraph.mf.framework.DefaultStreamReceiver - http://purl.org/ontology/bibo/edition	7
INFO main org.culturegraph.mf.framework.DefaultStreamReceiver - 529z1.p	7
INFO main org.culturegraph.mf.framework.DefaultStreamReceiver - 529z1.a	7
INFO main org.culturegraph.mf.framework.DefaultStreamReceiver - 507-2.a	7
INFO main org.culturegraph.mf.framework.DefaultStreamReceiver - 104b1.p	7
INFO main org.culturegraph.mf.framework.DefaultStreamReceiver - 952-2.g	7
INFO main org.culturegraph.mf.framework.DefaultStreamReceiver - 655e1.A	6
INFO main org.culturegraph.mf.framework.DefaultStreamReceiver - 700z1.a	6
INFO main org.culturegraph.mf.framework.DefaultStreamReceiver - LAL-1.a	6
INFO main org.culturegraph.mf.framework.DefaultStreamReceiver - 425-1.a	6
INFO main org.culturegraph.mf.framework.DefaultStreamReceiver - 078e1.a	6
INFO main org.culturegraph.mf.framework.DefaultStreamReceiver - 952-1.x	5
INFO main org.culturegraph.mf.framework.DefaultStreamReceiver - 002a2.a	5
INFO main org.culturegraph.mf.framework.DefaultStreamReceiver - 425b2.a	5
INFO main org.culturegraph.mf.framework.DefaultStreamReceiver - http://purl.org/dc/terms/hasVersion	5
INFO main org.culturegraph.mf.framework.DefaultStreamReceiver - 655e .y	5
INFO main org.culturegraph.mf.framework.DefaultStreamReceiver - 200b1.k	5
INFO main org.culturegraph.mf.framework.DefaultStreamReceiver - 205-1.k	5
INFO main org.culturegraph.mf.framework.DefaultStreamReceiver - 501-1.a	5
INFO main org.culturegraph.mf.framework.DefaultStreamReceiver - 070b2.a	5
INFO main org.culturegraph.mf.framework.DefaultStreamReceiver - 952-2.s	5
INFO main org.culturegraph.mf.framework.DefaultStreamReceiver - http://purl.org/dc/terms/medium	5
INFO main org.culturegraph.mf.framework.DefaultStreamReceiver - http://purl.org/lobid/lv#fulltextOnline	5
INFO main org.culturegraph.mf.framework.DefaultStreamReceiver - 104b1.d	5
INFO main org.culturegraph.mf.framework.DefaultStreamReceiver - http://purl.org/dc/terms/alternative	5
INFO main org.culturegraph.mf.framework.DefaultStreamReceiver - 456-1.a	5
INFO main org.culturegraph.mf.framework.DefaultStreamReceiver - 003-2.a	5
INFO main org.culturegraph.mf.framework.DefaultStreamReceiver - 455-1.a	5
INFO main org.culturegraph.mf.framework.DefaultStreamReceiver - 331-2.a	5
INFO main org.culturegraph.mf.framework.DefaultStreamReceiver - 001-2.a	5
INFO main org.culturegraph.mf.framework.DefaultStreamReceiver - 026-2.a	5
INFO main org.culturegraph.mf.framework.DefaultStreamReceiver - 036a2.a	5
INFO main org.culturegraph.mf.framework.DefaultStreamReceiver - 070-2.a	5
INFO main org.culturegraph.mf.framework.DefaultStreamReceiver - 902-1.g	5
INFO main org.culturegraph.mf.framework.DefaultStreamReceiver - 304b1.a	4
INFO main org.culturegraph.mf.framework.DefaultStreamReceiver - 108b1.p	4
INFO main org.culturegraph.mf.framework.DefaultStreamReceiver - 112b1.p	4
INFO main org.culturegraph.mf.framework.DefaultStreamReceiver - HID-1.s	4
INFO main org.culturegraph.mf.framework.DefaultStreamReceiver - 112b1.d	4
INFO main org.culturegraph.mf.framework.DefaultStreamReceiver - HID-1.h	4
INFO main org.culturegraph.mf.framework.DefaultStreamReceiver - HID-1.l	4
INFO main org.culturegraph.mf.framework.DefaultStreamReceiver - HID-1.c	4
INFO main org.culturegraph.mf.framework.DefaultStreamReceiver - 537-1.a	4
INFO main org.culturegraph.mf.framework.DefaultStreamReceiver - 209-1.k	4
INFO main org.culturegraph.mf.framework.DefaultStreamReceiver - 652a1.a	4
INFO main org.culturegraph.mf.framework.DefaultStreamReceiver - 020a1.a	4
INFO main org.culturegraph.mf.framework.DefaultStreamReceiver - 020a1.b	4
INFO main org.culturegraph.mf.framework.DefaultStreamReceiver - 025a1.a	4
INFO main org.culturegraph.mf.framework.DefaultStreamReceiver - 700-2.2	4
INFO main org.culturegraph.mf.framework.DefaultStreamReceiver - 700g2.a	4
INFO main org.culturegraph.mf.framework.DefaultStreamReceiver - 516-1.a	4
INFO main org.culturegraph.mf.framework.DefaultStreamReceiver - 574-1.a	3
INFO main org.culturegraph.mf.framework.DefaultStreamReceiver - 655e1.q	3
INFO main org.culturegraph.mf.framework.DefaultStreamReceiver - 108b1.d	3
INFO main org.culturegraph.mf.framework.DefaultStreamReceiver - 117-1.p	3
INFO main org.culturegraph.mf.framework.DefaultStreamReceiver - 370a2.a	3
INFO main org.culturegraph.mf.framework.DefaultStreamReceiver - 117-1.d	3
INFO main org.culturegraph.mf.framework.DefaultStreamReceiver - 903-1.a	3
INFO main org.culturegraph.mf.framework.DefaultStreamReceiver - 902-2.f	3
INFO main org.culturegraph.mf.framework.DefaultStreamReceiver - 542a2.a	3
INFO main org.culturegraph.mf.framework.DefaultStreamReceiver - 700n2.a	3
INFO main org.culturegraph.mf.framework.DefaultStreamReceiver - 076c1.a	3
INFO main org.culturegraph.mf.framework.DefaultStreamReceiver - http://purl.org/dc/terms/tableOfContents	3
INFO main org.culturegraph.mf.framework.DefaultStreamReceiver - http://id.loc.gov/vocabulary/relators/sng	3
INFO main org.culturegraph.mf.framework.DefaultStreamReceiver - 551a1.a	3
INFO main org.culturegraph.mf.framework.DefaultStreamReceiver - 100b1.d	3
INFO main org.culturegraph.mf.framework.DefaultStreamReceiver - 078n2.a	3
INFO main org.culturegraph.mf.framework.DefaultStreamReceiver - 080-2.a	3
INFO main org.culturegraph.mf.framework.DefaultStreamReceiver - 405-1.a	3
INFO main org.culturegraph.mf.framework.DefaultStreamReceiver - http://purl.org/ontology/bibo/issn	3
INFO main org.culturegraph.mf.framework.DefaultStreamReceiver - 370a1.a	3
INFO main org.culturegraph.mf.framework.DefaultStreamReceiver - 121-1.p	3
INFO main org.culturegraph.mf.framework.DefaultStreamReceiver - 121-1.d	3
INFO main org.culturegraph.mf.framework.DefaultStreamReceiver - 002b1.a	3
INFO main org.culturegraph.mf.framework.DefaultStreamReceiver - 580-1.a	3
INFO main org.culturegraph.mf.framework.DefaultStreamReceiver - 116b1.p	3
INFO main org.culturegraph.mf.framework.DefaultStreamReceiver - 108e1.p	2
INFO main org.culturegraph.mf.framework.DefaultStreamReceiver - 518b1.a	2
INFO main org.culturegraph.mf.framework.DefaultStreamReceiver - http://purl.org/ontology/bibo/oclcnum	2
INFO main org.culturegraph.mf.framework.DefaultStreamReceiver - 655e1.z	2
INFO main org.culturegraph.mf.framework.DefaultStreamReceiver - 073-2.a	2
INFO main org.culturegraph.mf.framework.DefaultStreamReceiver - 108e1.d	2
INFO main org.culturegraph.mf.framework.DefaultStreamReceiver - 904a1.a	2
INFO main org.culturegraph.mf.framework.DefaultStreamReceiver - 518b1.p	2
INFO main org.culturegraph.mf.framework.DefaultStreamReceiver - 108e1.b	2
INFO main org.culturegraph.mf.framework.DefaultStreamReceiver - 025a2.a	2
INFO main org.culturegraph.mf.framework.DefaultStreamReceiver - http://purl.org/lobid/lv#titleKeyword	2
INFO main org.culturegraph.mf.framework.DefaultStreamReceiver - 070a2.a	2
INFO main org.culturegraph.mf.framework.DefaultStreamReceiver - 508-1.a	2
INFO main org.culturegraph.mf.framework.DefaultStreamReceiver - 511-1.p	2
INFO main org.culturegraph.mf.framework.DefaultStreamReceiver - 902-2.g	2
INFO main org.culturegraph.mf.framework.DefaultStreamReceiver - 016-1.a	2
INFO main org.culturegraph.mf.framework.DefaultStreamReceiver - 078b1.a	2
INFO main org.culturegraph.mf.framework.DefaultStreamReceiver - 511-1.a	2
INFO main org.culturegraph.mf.framework.DefaultStreamReceiver - 957-1.g	2
INFO main org.culturegraph.mf.framework.DefaultStreamReceiver - 518a1.p	2
INFO main org.culturegraph.mf.framework.DefaultStreamReceiver - 205-1.h	2
INFO main org.culturegraph.mf.framework.DefaultStreamReceiver - 200b2.k	2
INFO main org.culturegraph.mf.framework.DefaultStreamReceiver - 200b2.b	2
INFO main org.culturegraph.mf.framework.DefaultStreamReceiver - 527z2.9	2
INFO main org.culturegraph.mf.framework.DefaultStreamReceiver - 209-1.h	2
INFO main org.culturegraph.mf.framework.DefaultStreamReceiver - 209-1.b	2
INFO main org.culturegraph.mf.framework.DefaultStreamReceiver - 104e1.p	2
INFO main org.culturegraph.mf.framework.DefaultStreamReceiver - 359-2.a	2
INFO main org.culturegraph.mf.framework.DefaultStreamReceiver - 418-2.h	2
INFO main org.culturegraph.mf.framework.DefaultStreamReceiver - 104e1.b	2
INFO main org.culturegraph.mf.framework.DefaultStreamReceiver - 104e1.d	2
INFO main org.culturegraph.mf.framework.DefaultStreamReceiver - 523-1.p	2
INFO main org.culturegraph.mf.framework.DefaultStreamReceiver - 800-1.d	2
INFO main org.culturegraph.mf.framework.DefaultStreamReceiver - 020a2.b	2
INFO main org.culturegraph.mf.framework.DefaultStreamReceiver - 020a2.a	2
INFO main org.culturegraph.mf.framework.DefaultStreamReceiver - 527z1.9	2
INFO main org.culturegraph.mf.framework.DefaultStreamReceiver - http://umbel.org/umbel#isLike	2
INFO main org.culturegraph.mf.framework.DefaultStreamReceiver - http://purl.org/ontology/bibo/editor	2
INFO main org.culturegraph.mf.framework.DefaultStreamReceiver - 108a1.p	2
INFO main org.culturegraph.mf.framework.DefaultStreamReceiver - 124b1.p	2
INFO main org.culturegraph.mf.framework.DefaultStreamReceiver - 527z1.p	2
INFO main org.culturegraph.mf.framework.DefaultStreamReceiver - 527z2.p	2
INFO main org.culturegraph.mf.framework.DefaultStreamReceiver - 518a1.a	2
INFO main org.culturegraph.mf.framework.DefaultStreamReceiver - 527z1.a	2
INFO main org.culturegraph.mf.framework.DefaultStreamReceiver - 527z2.a	2
INFO main org.culturegraph.mf.framework.DefaultStreamReceiver - 531z2.9	2
INFO main org.culturegraph.mf.framework.DefaultStreamReceiver - 517-1.a	2
INFO main org.culturegraph.mf.framework.DefaultStreamReceiver - 531z2.a	2
INFO main org.culturegraph.mf.framework.DefaultStreamReceiver - 673a1.a	2
INFO main org.culturegraph.mf.framework.DefaultStreamReceiver - 120b1.p	2
INFO main org.culturegraph.mf.framework.DefaultStreamReceiver - 100b2.p	2
INFO main org.culturegraph.mf.framework.DefaultStreamReceiver - 532z2.p	2
INFO main org.culturegraph.mf.framework.DefaultStreamReceiver - 553a1.a	2
INFO main org.culturegraph.mf.framework.DefaultStreamReceiver - 204b1.k	2
INFO main org.culturegraph.mf.framework.DefaultStreamReceiver - 952-2.h	2
INFO main org.culturegraph.mf.framework.DefaultStreamReceiver - 532z2.a	2
INFO main org.culturegraph.mf.framework.DefaultStreamReceiver - 902-1.z	2
INFO main org.culturegraph.mf.framework.DefaultStreamReceiver - 531z2.p	2
INFO main org.culturegraph.mf.framework.DefaultStreamReceiver - 116b1.d	2
INFO main org.culturegraph.mf.framework.DefaultStreamReceiver - 532z2.9	2
INFO main org.culturegraph.mf.framework.DefaultStreamReceiver - 517-1.p	2
INFO main org.culturegraph.mf.framework.DefaultStreamReceiver - 201-1.b	2
INFO main org.culturegraph.mf.framework.DefaultStreamReceiver - 405-2.a	2
INFO main org.culturegraph.mf.framework.DefaultStreamReceiver - 020b1.a	2
INFO main org.culturegraph.mf.framework.DefaultStreamReceiver - 144b1.p	1
INFO main org.culturegraph.mf.framework.DefaultStreamReceiver - 542z1.b	1
INFO main org.culturegraph.mf.framework.DefaultStreamReceiver - 100-1.c	1
INFO main org.culturegraph.mf.framework.DefaultStreamReceiver - 505-1.p	1
INFO main org.culturegraph.mf.framework.DefaultStreamReceiver - 112e1.b	1
INFO main org.culturegraph.mf.framework.DefaultStreamReceiver - 403-2.a	1
INFO main org.culturegraph.mf.framework.DefaultStreamReceiver - 112e1.d	1
INFO main org.culturegraph.mf.framework.DefaultStreamReceiver - 100-1.n	1
INFO main org.culturegraph.mf.framework.DefaultStreamReceiver - 078o1.a	1
INFO main org.culturegraph.mf.framework.DefaultStreamReceiver - 610-1.a	1
INFO main org.culturegraph.mf.framework.DefaultStreamReceiver - 204b1.h	1
INFO main org.culturegraph.mf.framework.DefaultStreamReceiver - 655e1.m	1
INFO main org.culturegraph.mf.framework.DefaultStreamReceiver - 073-1.a	1
INFO main org.culturegraph.mf.framework.DefaultStreamReceiver - http://rdvocab.info/Elements/longitudeAndLatitude	1
INFO main org.culturegraph.mf.framework.DefaultStreamReceiver - 078i1.a	1
INFO main org.culturegraph.mf.framework.DefaultStreamReceiver - 020-1.a	1
INFO main org.culturegraph.mf.framework.DefaultStreamReceiver - 020-1.b	1
INFO main org.culturegraph.mf.framework.DefaultStreamReceiver - 904a2.a	1
INFO main org.culturegraph.mf.framework.DefaultStreamReceiver - 505-1.a	1
INFO main org.culturegraph.mf.framework.DefaultStreamReceiver - 406a1.j	1
INFO main org.culturegraph.mf.framework.DefaultStreamReceiver - 022-1.a	1
INFO main org.culturegraph.mf.framework.DefaultStreamReceiver - 120b1.d	1
INFO main org.culturegraph.mf.framework.DefaultStreamReceiver - 140b1.p	1
INFO main org.culturegraph.mf.framework.DefaultStreamReceiver - 902-2.z	1
INFO main org.culturegraph.mf.framework.DefaultStreamReceiver - 531z1.a	1
INFO main org.culturegraph.mf.framework.DefaultStreamReceiver - 016-1.b	1
INFO main org.culturegraph.mf.framework.DefaultStreamReceiver - 530-1.a	1
INFO main org.culturegraph.mf.framework.DefaultStreamReceiver - 425c2.a	1
INFO main org.culturegraph.mf.framework.DefaultStreamReceiver - 508-1.p	1
INFO main org.culturegraph.mf.framework.DefaultStreamReceiver - 116e1.d	1
INFO main org.culturegraph.mf.framework.DefaultStreamReceiver - 144b1.c	1
INFO main org.culturegraph.mf.framework.DefaultStreamReceiver - 531z1.9	1
INFO main org.culturegraph.mf.framework.DefaultStreamReceiver - 116e1.b	1
INFO main org.culturegraph.mf.framework.DefaultStreamReceiver - 025-1.a	1
INFO main org.culturegraph.mf.framework.DefaultStreamReceiver - 530-1.p	1
INFO main org.culturegraph.mf.framework.DefaultStreamReceiver - 700l2.a	1
INFO main org.culturegraph.mf.framework.DefaultStreamReceiver - 659-1.a	1
INFO main org.culturegraph.mf.framework.DefaultStreamReceiver - 533z1.9	1
INFO main org.culturegraph.mf.framework.DefaultStreamReceiver - 116e1.p	1
INFO main org.culturegraph.mf.framework.DefaultStreamReceiver - 204e1.h	1
INFO main org.culturegraph.mf.framework.DefaultStreamReceiver - 204e1.k	1
INFO main org.culturegraph.mf.framework.DefaultStreamReceiver - 621-1.a	1
INFO main org.culturegraph.mf.framework.DefaultStreamReceiver - 208b1.k	1
INFO main org.culturegraph.mf.framework.DefaultStreamReceiver - 406b2.j	1
INFO main org.culturegraph.mf.framework.DefaultStreamReceiver - 038b1.a	1
INFO main org.culturegraph.mf.framework.DefaultStreamReceiver - http://id.loc.gov/vocabulary/relators/cmp	1
INFO main org.culturegraph.mf.framework.DefaultStreamReceiver - 132b1.p	1
INFO main org.culturegraph.mf.framework.DefaultStreamReceiver - 200b1.a	1
INFO main org.culturegraph.mf.framework.DefaultStreamReceiver - 200b1.b	1
INFO main org.culturegraph.mf.framework.DefaultStreamReceiver - 537-2.a	1
INFO main org.culturegraph.mf.framework.DefaultStreamReceiver - 578-1.a	1
INFO main org.culturegraph.mf.framework.DefaultStreamReceiver - 200b1.h	1
INFO main org.culturegraph.mf.framework.DefaultStreamReceiver - 533z1.a	1
INFO main org.culturegraph.mf.framework.DefaultStreamReceiver - 124b1.d	1
INFO main org.culturegraph.mf.framework.DefaultStreamReceiver - http://purl.org/ontology/bibo/shortTitle	1
INFO main org.culturegraph.mf.framework.DefaultStreamReceiver - 673b1.9	1
INFO main org.culturegraph.mf.framework.DefaultStreamReceiver - 501-2.a	1
INFO main org.culturegraph.mf.framework.DefaultStreamReceiver - 673b1.a	1
INFO main org.culturegraph.mf.framework.DefaultStreamReceiver - 527-1.a	1
INFO main org.culturegraph.mf.framework.DefaultStreamReceiver - 903-2.a	1
INFO main org.culturegraph.mf.framework.DefaultStreamReceiver - 907-1.z	1
INFO main org.culturegraph.mf.framework.DefaultStreamReceiver - 652-1.a	1
INFO main org.culturegraph.mf.framework.DefaultStreamReceiver - 112e1.p	1
INFO main org.culturegraph.mf.framework.DefaultStreamReceiver - 568-1.a	1
INFO main org.culturegraph.mf.framework.DefaultStreamReceiver - 907-1.f	1
INFO main org.culturegraph.mf.framework.DefaultStreamReceiver - 907-1.g	1
INFO main org.culturegraph.mf.framework.DefaultStreamReceiver - 527-1.p	1
INFO main org.culturegraph.mf.framework.DefaultStreamReceiver - http://id.loc.gov/vocabulary/relators/drt	1
INFO main org.culturegraph.mf.framework.DefaultStreamReceiver - 452a1.a	1
INFO main org.culturegraph.mf.framework.DefaultStreamReceiver - 200e1.k	1
INFO main org.culturegraph.mf.framework.DefaultStreamReceiver - 200e1.h	1
INFO main org.culturegraph.mf.framework.DefaultStreamReceiver - http://purl.org/dc/terms/isFormatOf	1
INFO main org.culturegraph.mf.framework.DefaultStreamReceiver - 800-1.c	1
INFO main org.culturegraph.mf.framework.DefaultStreamReceiver - 104b1.c	1
INFO main org.culturegraph.mf.framework.DefaultStreamReceiver - 105-2.d	1
INFO main org.culturegraph.mf.framework.DefaultStreamReceiver - http://purl.org/ontology/bibo/doi	1
INFO main org.culturegraph.mf.framework.DefaultStreamReceiver - 516a2.a	1
INFO main org.culturegraph.mf.framework.DefaultStreamReceiver - 674-1.a	1
INFO main org.culturegraph.mf.framework.DefaultStreamReceiver - 101-1.U	1
INFO main org.culturegraph.mf.framework.DefaultStreamReceiver - 104b2.d	1
INFO main org.culturegraph.mf.framework.DefaultStreamReceiver - 533z2.9	1
INFO main org.culturegraph.mf.framework.DefaultStreamReceiver - 104f1.d	1
INFO main org.culturegraph.mf.framework.DefaultStreamReceiver - 204e1.9	1
INFO main org.culturegraph.mf.framework.DefaultStreamReceiver - 100b2.d	1
INFO main org.culturegraph.mf.framework.DefaultStreamReceiver - 104f1.p	1
INFO main org.culturegraph.mf.framework.DefaultStreamReceiver - 532z1.a	1
INFO main org.culturegraph.mf.framework.DefaultStreamReceiver - 200-1.h	1
INFO main org.culturegraph.mf.framework.DefaultStreamReceiver - http://www.w3.org/2000/01/rdf-schema#seeAlso	1
INFO main org.culturegraph.mf.framework.DefaultStreamReceiver - 200-1.k	1
INFO main org.culturegraph.mf.framework.DefaultStreamReceiver - 533z2.p	1
INFO main org.culturegraph.mf.framework.DefaultStreamReceiver - 533z1.p	1
INFO main org.culturegraph.mf.framework.DefaultStreamReceiver - 533z2.a	1
INFO main org.culturegraph.mf.framework.DefaultStreamReceiver - 076-1.a	1
INFO main org.culturegraph.mf.framework.DefaultStreamReceiver - 136b1.p	1
INFO main org.culturegraph.mf.framework.DefaultStreamReceiver - 651-1.b	1
INFO main org.culturegraph.mf.framework.DefaultStreamReceiver - http://id.loc.gov/vocabulary/relators/hnr	1
INFO main org.culturegraph.mf.framework.DefaultStreamReceiver - 651-1.a	1
INFO main org.culturegraph.mf.framework.DefaultStreamReceiver - 208b1.b	1
INFO main org.culturegraph.mf.framework.DefaultStreamReceiver - 532z1.9	1
INFO main org.culturegraph.mf.framework.DefaultStreamReceiver - 108a1.d	1
INFO main org.culturegraph.mf.framework.DefaultStreamReceiver - 108a1.c	1
INFO main org.culturegraph.mf.framework.DefaultStreamReceiver - 512-1.a	1
INFO main org.culturegraph.mf.framework.DefaultStreamReceiver - 086-1.d	1
INFO main org.culturegraph.mf.framework.DefaultStreamReceiver - 516-1.p	1
INFO main org.culturegraph.mf.framework.DefaultStreamReceiver - 523-2.a	1
INFO main org.culturegraph.mf.framework.DefaultStreamReceiver - 673a1.9	1
INFO main org.culturegraph.mf.framework.DefaultStreamReceiver - 512-1.p	1
INFO main org.culturegraph.mf.framework.DefaultStreamReceiver - 504-2.p	1
INFO main org.culturegraph.mf.framework.DefaultStreamReceiver - 532z1.p	1
INFO main org.culturegraph.mf.framework.DefaultStreamReceiver - 120e1.b	1
INFO main org.culturegraph.mf.framework.DefaultStreamReceiver - 531z1.p	1
INFO main org.culturegraph.mf.framework.DefaultStreamReceiver - 026h1.a	1
INFO main org.culturegraph.mf.framework.DefaultStreamReceiver - 120e1.d	1
INFO main org.culturegraph.mf.framework.DefaultStreamReceiver - http://purl.org/dc/elements/1.1/isPartOf	1
INFO main org.culturegraph.mf.framework.DefaultStreamReceiver - 120e1.p	1
INFO main org.culturegraph.mf.framework.DefaultStreamReceiver - http://purl.org/dc/terms/source	1
INFO main org.culturegraph.mf.framework.DefaultStreamReceiver - 104b2.p	1
INFO main org.culturegraph.mf.framework.DefaultStreamReceiver - http://purl.org/lobid/lv#urn	1
INFO main org.culturegraph.mf.framework.DefaultStreamReceiver - 503a1.a	1
INFO main org.culturegraph.mf.framework.DefaultStreamReceiver - 545a1.a	1
INFO main org.culturegraph.mf.framework.DefaultStreamReceiver - 545a1.d	1
INFO main org.culturegraph.mf.framework.DefaultStreamReceiver - 597-1.a	1
INFO main org.culturegraph.mf.framework.DefaultStreamReceiver - 461-1.a	1
INFO main org.culturegraph.mf.framework.DefaultStreamReceiver - 101-2.d	1
INFO main org.culturegraph.mf.framework.DefaultStreamReceiver - 700-1.2	1
INFO main org.culturegraph.mf.framework.DefaultStreamReceiver - 104a1.p	1
INFO main org.culturegraph.mf.framework.DefaultStreamReceiver - 145-1.p	1
INFO main org.culturegraph.mf.framework.DefaultStreamReceiver - 670-1.a	1
INFO main org.culturegraph.mf.framework.DefaultStreamReceiver - http://purl.org/dc/terms/hasFormat	1
INFO main org.culturegraph.mf.framework.DefaultStreamReceiver - 406a2.j	1
INFO main org.culturegraph.mf.framework.DefaultStreamReceiver - 145-1.c	1
INFO main org.culturegraph.mf.framework.DefaultStreamReceiver - 546-1.a	1
INFO main org.culturegraph.mf.framework.DefaultStreamReceiver - 200e1.9	1
INFO main org.culturegraph.mf.framework.DefaultStreamReceiver - 201-2.h	1
INFO main org.culturegraph.mf.framework.DefaultStreamReceiver - 406a2.k	1
